h:\emulator\emulator\debug\emulator.pch
h:\emulator\emulator\debug\vc142.pdb
h:\emulator\emulator\debug\vc142.idb
h:\emulator\emulator\debug\stdafx.obj
h:\emulator\emulator\debug\emulator.obj
c:\users\vince\onedrive\emulator\emulator\emulator\debug\emulator.pch
c:\users\vince\onedrive\emulator\emulator\emulator\debug\vc142.pdb
c:\users\vince\onedrive\emulator\emulator\emulator\debug\vc142.idb
c:\users\vince\onedrive\emulator\emulator\emulator\debug\stdafx.obj
c:\users\vince\onedrive\emulator\emulator\emulator\debug\emulator.obj
h:\emulator\debug\emulator.exe
h:\emulator\debug\emulator.ilk
h:\emulator\debug\emulator.pdb
c:\users\vince\onedrive\emulator\emulator\debug\emulator.ilk
c:\users\vince\onedrive\emulator\emulator\debug\emulator.exe
c:\users\vince\onedrive\emulator\emulator\debug\emulator.pdb
c:\users\vince\onedrive\emulator\emulator\emulator\debug\emulator.tlog\cl.command.1.tlog
c:\users\vince\onedrive\emulator\emulator\emulator\debug\emulator.tlog\cl.read.1.tlog
c:\users\vince\onedrive\emulator\emulator\emulator\debug\emulator.tlog\cl.write.1.tlog
c:\users\vince\onedrive\emulator\emulator\emulator\debug\emulator.tlog\link.command.1.tlog
c:\users\vince\onedrive\emulator\emulator\emulator\debug\emulator.tlog\link.read.1.tlog
c:\users\vince\onedrive\emulator\emulator\emulator\debug\emulator.tlog\link.write.1.tlog
